[2026-03-05 09:01:11] ==================================================
[2026-03-05 09:01:11] 每日复盘报告 - 真正执行版
[2026-03-05 09:01:11] ==================================================
[2026-03-05 09:01:11] 步骤1: 执行报告生成脚本...
[2026-03-05 09:01:11] 报告生成成功，长度: 632 字符
[2026-03-05 09:01:11] 步骤2: 执行消息发送...
[2026-03-05 09:01:16] 发送命令返回码: 0
[2026-03-05 09:01:16] 发送命令输出: │
◇  Config warnings ────────────────────────────────────────────────────────╮
│                                                                          │
│  - plugins.entries.feishu: plugin feishu: 
[2026-03-05 09:01:16] 步骤3: 校验消息送达...
[2026-03-05 09:01:18] 送达校验完成（基于发送API返回）
[2026-03-05 09:01:18] ✅ 复盘报告发送并校验成功
[2026-03-05 09:01:18] ==================================================
[2026-03-06 08:58:24] ==================================================
[2026-03-06 08:58:24] 每日复盘报告 - 真正执行版
[2026-03-06 08:58:24] ==================================================
[2026-03-06 08:58:24] 步骤1: 执行报告生成脚本...
[2026-03-06 08:58:24] 报告生成成功，长度: 644 字符
[2026-03-06 08:58:24] 步骤2: 执行消息发送...
[2026-03-06 08:58:30] 发送命令返回码: 0
[2026-03-06 08:58:30] 发送命令输出: │
◇  Config warnings ────────────────────────────────────────────────────────╮
│                                                                          │
│  - plugins.entries.feishu: plugin feishu: 
[2026-03-06 08:58:30] 步骤3: 校验消息送达...
[2026-03-06 08:58:32] 送达校验完成（基于发送API返回）
[2026-03-06 08:58:32] ✅ 复盘报告发送并校验成功
[2026-03-06 08:58:32] ==================================================
