[2026-03-03 09:30:09] ========================================
[2026-03-03 09:30:09] 开始监控检查
[2026-03-03 09:30:09] 检查完成
[2026-03-03 09:45:03] ========================================
[2026-03-03 09:45:03] 开始监控检查
[2026-03-03 09:45:03] 检查完成
[2026-03-04 09:00:43] ========================================
[2026-03-04 09:00:43] 开始监控检查
[2026-03-04 09:00:43] 检查每日复盘报告任务...
[2026-03-04 09:00:45] 无运行记录
[2026-03-04 09:00:45] 检查完成
[2026-03-04 09:15:11] ========================================
[2026-03-04 09:15:11] 开始监控检查
[2026-03-04 09:15:11] 检查每日复盘报告任务...
[2026-03-04 09:15:12] 无运行记录
[2026-03-04 09:15:12] 检查完成
[2026-03-04 09:30:21] ========================================
[2026-03-04 09:30:21] 开始监控检查
[2026-03-04 09:30:21] 检查完成
[2026-03-04 09:45:06] ========================================
[2026-03-04 09:45:06] 开始监控检查
[2026-03-04 09:45:06] 检查完成
