[2026-03-02 09:01:03] [INFO] ==================================================
[2026-03-02 09:01:03] [INFO] 开始 Cron 任务健康检查
[2026-03-02 09:01:03] [INFO] 
检查任务: 每日复盘报告推送 (35ff007b...)
[2026-03-02 09:01:05] [INFO]   状态: unknown
[2026-03-02 09:01:05] [INFO]   消息: 无运行记录
[2026-03-02 09:01:05] [INFO] 
检查任务: 每日待确认列表推送 (53918d8d...)
[2026-03-02 09:01:07] [INFO]   状态: unknown
[2026-03-02 09:01:07] [INFO]   消息: 无运行记录
[2026-03-02 09:01:07] [INFO] 
检查完成，记录保存至: /root/.openclaw/workspace/cron-monitor/summary_20260302_0901.json
[2026-03-02 09:30:08] [INFO] ==================================================
[2026-03-02 09:30:08] [INFO] 开始 Cron 任务健康检查
[2026-03-02 09:30:08] [INFO] 
检查任务: 每日复盘报告推送 (35ff007b...)
[2026-03-02 09:30:09] [INFO]   状态: unknown
[2026-03-02 09:30:09] [INFO]   消息: 无运行记录
[2026-03-02 09:30:09] [INFO] 
检查任务: 每日待确认列表推送 (53918d8d...)
[2026-03-02 09:30:11] [INFO]   状态: unknown
[2026-03-02 09:30:11] [INFO]   消息: 无运行记录
[2026-03-02 09:30:11] [INFO] 
检查完成，记录保存至: /root/.openclaw/workspace/cron-monitor/summary_20260302_0930.json
[2026-03-02 10:01:03] [INFO] ==================================================
[2026-03-02 10:01:03] [INFO] 开始 Cron 任务健康检查
[2026-03-02 10:01:03] [INFO] 
检查任务: 每日复盘报告推送 (35ff007b...)
[2026-03-02 10:01:04] [INFO]   状态: unknown
[2026-03-02 10:01:04] [INFO]   消息: 无运行记录
[2026-03-02 10:01:04] [INFO] 
检查任务: 每日待确认列表推送 (53918d8d...)
[2026-03-02 10:01:06] [INFO]   状态: unknown
[2026-03-02 10:01:06] [INFO]   消息: 无运行记录
[2026-03-02 10:01:06] [INFO] 
检查完成，记录保存至: /root/.openclaw/workspace/cron-monitor/summary_20260302_1001.json
